[00:33:28] [Server thread/INFO]: jovemshi[/189.70.44.54:62930] logged in with entity id 877605 at (722.7700755492781, 64.0, -276.7942586760407)
[00:33:28] [Server thread/INFO]: jovemshi joined the game
[00:39:53] [Server thread/WARN]: Mismatch in destroy block pos: jd{x=795, y=91, z=-393} jd{x=794, y=90, z=-393}
[00:39:53] [Server thread/WARN]: Mismatch in destroy block pos: jd{x=795, y=91, z=-393} jd{x=794, y=90, z=-393}
[00:39:54] [Server thread/WARN]: Mismatch in destroy block pos: jd{x=795, y=91, z=-393} jd{x=794, y=90, z=-393}
[00:44:32] [Server thread/INFO]: kipoti[/45.160.193.47:17052] logged in with entity id 880160 at (-76.51438168150068, 55.0, -17.006643108152122)
[00:44:32] [Server thread/INFO]: kipoti joined the game
[00:44:37] [Server thread/INFO]: [Not Secure] <jovemshi> oii
[00:44:38] [Server thread/INFO]: [Not Secure] <kipoti> hhi
[00:44:46] [Server thread/INFO]: [Not Secure] <jovemshi> como q faz essa farm
[00:44:51] [Server thread/INFO]: [Not Secure] <kipoti> n sei kkkkkkkkkkkkkkkkkkkkkk
[00:44:55] [Server thread/INFO]: [Not Secure] <jovemshi> KKKKKKKKKKKKKKK
[00:45:15] [Server thread/INFO]: [Not Secure] <kipoti> pera
[00:46:26] [Server thread/INFO]: [Not Secure] <jovemshi> pera
[00:48:16] [Server thread/INFO]: [Not Secure] <jovemshi> eae
[00:53:15] [Server thread/INFO]: [Not Secure] <jovemshi> kipoooooo
[01:18:31] [Server thread/INFO]: [Not Secure] <kipoti> oi
[01:18:36] [Server thread/INFO]: [Not Secure] <kipoti> meu irmao passou malzao
[01:18:40] [Server thread/INFO]: [Not Secure] <kipoti> quase desmaiou
[01:18:45] [Server thread/INFO]: [Not Secure] <kipoti> to ajudando ele aq
[01:18:52] [Server thread/INFO]: [Not Secure] <kipoti> ja volto slk q susto
[01:18:56] [Server thread/INFO]: [Not Secure] <jovemshi> caramba
[01:19:02] [Server thread/INFO]: [Not Secure] <jovemshi> vai la
[01:19:09] [Server thread/INFO]: [Not Secure] <jovemshi> imaginei q tivesse acontecido algo
[01:23:21] [Server thread/INFO]: [Not Secure] <kipoti> pera vou pro quarto com o notebook
[01:23:30] [Server thread/INFO]: [Not Secure] <kipoti> pra eu poder jogar e ficar perto dele
[01:23:36] [Server thread/INFO]: [Not Secure] <kipoti> menino ta fraquinmho
[01:24:50] [Server thread/INFO]: kipoti lost connection: Timed out
[01:24:50] [Server thread/INFO]: kipoti left the game
[01:27:38] [Server thread/INFO]: [Not Secure] <jovemshi> okok
[01:31:38] [Server thread/INFO]: kipoti[/45.160.193.47:17189] logged in with entity id 894524 at (-36.69999998807907, 15.0, -22.69999998807907)
[01:31:38] [Server thread/INFO]: kipoti joined the game
[01:31:43] [Server thread/INFO]: [Not Secure] <kipoti> hiiiiiiiiiiii]
[01:32:10] [Server thread/INFO]: [Not Secure] <kipoti> ta ai? eu cai
[01:33:08] [Server thread/INFO]: [Not Secure] <jovemshi> eouiii
[01:33:25] [Server thread/INFO]: [Not Secure] <jovemshi> bora
[01:33:31] [Server thread/INFO]: [Not Secure] <kipoti> como faz
[01:33:42] [Server thread/INFO]: [Not Secure] <jovemshi> nao sei...
[01:34:00] [Server thread/INFO]: [Not Secure] <kipoti> sera se tem? kkkk
[01:34:02] [Server thread/INFO]: [Not Secure] <jovemshi> cade
[01:34:10] [Server thread/INFO]: [Not Secure] <jovemshi> de dimante?
[01:34:12] [Server thread/INFO]: [Not Secure] <jovemshi> po
[01:34:14] [Server thread/INFO]: [Not Secure] <jovemshi> eu nunca vi
[01:34:15] [Server thread/INFO]: [Not Secure] <kipoti> ss
[01:34:22] [Server thread/INFO]: [Not Secure] <jovemshi> pq n tem um mob ou algo especifico q dê diamaent
[01:34:58] [Server thread/INFO]: [Not Secure] <kipoti> vou pesquisa]
[01:35:09] [Server thread/INFO]: [Not Secure] <jovemshi> pesquisa pofavu
[01:35:13] [Server thread/INFO]: [Not Secure] <kipoti> tu quer encantamento de remendo?
[01:35:22] [Server thread/INFO]: [Not Secure] <jovemshi> quero
[01:35:24] [Server thread/INFO]: [Not Secure] <jovemshi> to sem espada
[01:35:29] [Server thread/INFO]: [Not Secure] <jovemshi> preciso encantar
[01:35:33] [Server thread/INFO]: [Not Secure] <kipoti> hugo ta com a tua
[01:37:30] [Server thread/INFO]: [Not Secure] <jovemshi> tava procurando umn site p ver dorama
[01:37:44] [Server thread/INFO]: [Not Secure] <kipoti> iiii tu gosta de coreano e]
[01:37:46] [Server thread/INFO]: [Not Secure] <kipoti> la ele
[01:37:49] [Server thread/INFO]: [Not Secure] <jovemshi> kkkkkkkkkkkkkkkkkkkkkkkkkkkkkkkkkkkkkkkkkkkkkkkkkkkkkkkkkkkkkkkkkkk
[01:38:08] [Server thread/INFO]: [Not Secure] <jovemshi> qq vc tem contra..
[01:38:26] [Server thread/INFO]: [Not Secure] <kipoti> isso n e coisa de macho
[01:38:28] [Server thread/INFO]: [Not Secure] <kipoti> igual eu
[01:38:36] [Server thread/INFO]: [Not Secure] <jovemshi> tu ve oq entao
[01:38:49] [Server thread/INFO]: [Not Secure] <kipoti> a grande familia
[01:38:52] [Server thread/INFO]: [Not Secure] <kipoti> obvio
[01:39:04] [Server thread/INFO]: [Not Secure] <jovemshi> vdd a serio mais mascula do mundo]
[01:39:09] [Server thread/INFO]: [Not Secure] <jovemshi> cade farm de dima
[01:39:24] [Server thread/INFO]: [Not Secure] <kipoti> mim de papai
[01:39:47] [Server thread/INFO]: [Not Secure] <jovemshi> mim de papai
[01:39:56] [Server thread/INFO]: [Not Secure] <kipoti> tem um zombi me comendo aq
[01:39:58] [Server thread/INFO]: [Not Secure] <kipoti> aaaaaaaaaaaaaaaaaaa
[01:40:01] [Server thread/INFO]: [Not Secure] <jovemshi> ihhhhh
[01:40:55] [Server thread/INFO]: [Not Secure] <jovemshi> cade tu
[01:41:07] [Server thread/INFO]: [Not Secure] <kipoti> no gelo pera
[01:41:11] [Server thread/INFO]: [Not Secure] <jovemshi> eu tbm
[01:41:48] [Server thread/INFO]: [Not Secure] <jovemshi> teu irmao ja tem mais good?
[01:41:58] [Server thread/INFO]: [Not Secure] <jovemshi> ja ta mais good?
[01:42:06] [Server thread/INFO]: [Not Secure] <kipoti> sim amem
[01:42:17] [Server thread/INFO]: [Not Secure] <kipoti> mano a farm de diamante e so com bug
[01:42:19] [Server thread/INFO]: [Not Secure] <jovemshi> foi a grande familia
[01:42:38] [Server thread/INFO]: [Not Secure] <kipoti> br warden aq
[01:43:15] [Server thread/INFO]: [Not Secure] <jovemshi> pega
[01:43:31] [Server thread/INFO]: [Not Secure] <kipoti> tem outro vem
[01:43:51] [Server thread/INFO]: [Not Secure] <jovemshi> HAHA
[01:43:54] [Server thread/INFO]: [Not Secure] <jovemshi> haha
[01:44:09] [Server thread/INFO]: [Not Secure] <jovemshi> bora
[01:44:44] [Server thread/INFO]: [Not Secure] <kipoti> KKKKKKKKKKKKKKKKKKKKKKKKKK
[01:45:11] [Server thread/INFO]: [Not Secure] <kipoti> aq
[01:45:30] [Server thread/INFO]: [Not Secure] <jovemshi> OMAIGA
[01:46:08] [Server thread/INFO]: [Not Secure] <kipoti> vem]
[01:46:08] [Server thread/INFO]: [Not Secure] <jovemshi> ele fez cirurgia de q
[01:46:12] [Server thread/INFO]: [Not Secure] <kipoti> tem ativador aq
[01:46:18] [Server thread/INFO]: [Not Secure] <kipoti> cirurgia de ginecomastia
[01:46:25] [Server thread/INFO]: [Not Secure] <jovemshi> me esqueci o q é isso
[01:46:29] [Server thread/INFO]: [Not Secure] <kipoti> peito
[01:46:38] [Server thread/INFO]: [Not Secure] <jovemshi> ainn pega
[01:46:41] [Server thread/INFO]: [Not Secure] <jovemshi> ele era gordinho?
[01:46:47] [Server thread/INFO]: [Not Secure] <kipoti> ss kkkkk]7
[01:47:08] [Server thread/INFO]: [Not Secure] <kipoti> 7
[01:47:19] [Server thread/INFO]: jovemshi lost connection: Timed out
[01:47:19] [Server thread/INFO]: jovemshi left the game
[01:48:01] [Server thread/INFO]: jovemshi[/189.70.44.54:14077] logged in with entity id 899709 at (339.69999998807907, 8.0, -29.950725191135543)
[01:48:01] [Server thread/INFO]: jovemshi joined the game
[01:48:03] [Server thread/INFO]: [Not Secure] <jovemshi> cai
[01:48:12] [Server thread/INFO]: [Not Secure] <jovemshi> loucura
[01:48:15] [Server thread/INFO]: [Not Secure] <kipoti> KKKKKKKKKKk
[01:48:22] [Server thread/INFO]: [Not Secure] <kipoti> achei q tinha aparecido warden
[01:48:25] [Server thread/INFO]: [Not Secure] <jovemshi> kkkkkkkkkkkkkkkkk
[01:48:46] [Server thread/INFO]: [Not Secure] <jovemshi> ow
[01:48:51] [Server thread/INFO]: [Not Secure] <jovemshi> hj peguei um maiobao pelo amor de deus
[01:48:51] [Server thread/INFO]: [Not Secure] <kipoti> aw
[01:49:00] [Server thread/INFO]: [Not Secure] <jovemshi> 5 vendedor ambulante so no joao paulo
[01:49:04] [Server thread/INFO]: [Not Secure] <jovemshi> #odeioonibus
[01:49:07] [Server thread/INFO]: [Not Secure] <kipoti> kkkkkkkkkkkkkkkkkkkkkkkkkkkkkkkkkkkkkkkk tem muito msm4
[01:49:21] [Server thread/INFO]: [Not Secure] <kipoti> tu pegouq hrs
[01:49:28] [Server thread/INFO]: [Not Secure] <jovemshi> 16:00
[01:49:33] [Server thread/INFO]: [Not Secure] <jovemshi> era p ta vazio ne
[01:49:38] [Server thread/INFO]: [Not Secure] <jovemshi> ou foi 15:30
[01:49:40] [Server thread/INFO]: [Not Secure] <kipoti> nunca ta
[01:49:42] [Server thread/INFO]: [Not Secure] <jovemshi> agr n lembro
[01:49:49] [Server thread/INFO]: [Not Secure] <jovemshi> maiobao consegue sempre ser cheio
[01:50:06] [Server thread/INFO]: [Not Secure] <kipoti> e pq tinha q ter mais
[01:50:38] [Server thread/INFO]: [Not Secure] <jovemshi> cade tu
[01:50:42] [Server thread/INFO]: [Not Secure] <kipoti> subu
[01:50:44] [Server thread/INFO]: [Not Secure] <kipoti> subi
[01:50:50] [Server thread/INFO]: [Not Secure] <kipoti> tem mt biomaaq
[01:50:51] [Server thread/INFO]: [Not Secure] <jovemshi> pra onde
[01:51:54] [Server thread/INFO]: [Not Secure] <jovemshi> music is god
[01:51:57] [Server thread/INFO]: [Not Secure] <jovemshi> good
[01:52:05] [Server thread/INFO]: [Not Secure] <kipoti> music god
[01:52:31] [Server thread/INFO]: [Not Secure] <jovemshi> ja scutou sematary?
[01:52:38] [Server thread/INFO]: [Not Secure] <kipoti> achoq nn
[01:52:43] [Server thread/INFO]: [Not Secure] <jovemshi> HAHAHAHAHHAHA
[01:52:57] [Server thread/INFO]: [Not Secure] <jovemshi> quer ouvir?
[01:53:03] [Server thread/INFO]: [Not Secure] <kipoti> ss
[01:53:27] [Server thread/INFO]: [Not Secure] <jovemshi> tu gosta de rock ne
[01:53:34] [Server thread/INFO]: [Not Secure] <kipoti> gosto de tudo
[01:54:05] [Server thread/INFO]: [Not Secure] <jovemshi> mandei
[01:54:13] [Server thread/INFO]: [Not Secure] <jovemshi> as mais pica ta na soundcloud infelizmente
[01:54:17] [Server thread/INFO]: [Not Secure] <jovemshi> mas a q eu mandei é good
[01:54:37] [Server thread/INFO]: [Not Secure] <kipoti> vou ouvir
[01:54:42] [Server thread/INFO]: [Not Secure] <jovemshi> ouve a ultima
[01:54:47] [Server thread/INFO]: [Not Secure] <jovemshi> eu até lengei ela slc
[01:55:52] [Server thread/INFO]: [Not Secure] <kipoti> e bbom msm
[01:55:56] [Server thread/INFO]: [Not Secure] <kipoti> kkkkkkkkkkkkkkkkkkkkkkkkkkkkkkkkk
[01:56:03] [Server thread/INFO]: [Not Secure] <kipoti> tu ja ouviu lil darkie
[01:56:05] [Server thread/INFO]: [Not Secure] <jovemshi> gostou
[01:56:06] [Server thread/INFO]: [Not Secure] <jovemshi> JA
[01:56:08] [Server thread/INFO]: [Not Secure] <kipoti> ss
[01:56:11] [Server thread/INFO]: [Not Secure] <jovemshi> TAVA VICIADO EM UMA DELE
[01:56:14] [Server thread/INFO]: [Not Secure] <jovemshi> acho q é
[01:56:17] [Server thread/INFO]: [Not Secure] <kipoti> qaul??
[01:56:22] [Server thread/INFO]: [Not Secure] <jovemshi> in the end world
[01:57:11] [Server thread/INFO]: [Not Secure] <kipoti> when the eorld end?
[01:57:15] [Server thread/INFO]: [Not Secure] <jovemshi> sematary marcaram uma epoca hardcore
[01:57:16] [Server thread/INFO]: [Not Secure] <jovemshi> simmm essa
[01:57:18] [Server thread/INFO]: [Not Secure] <kipoti> eu esuctava mt ele em 2022
[01:57:34] [Server thread/INFO]: [Not Secure] <kipoti> kkkkkkkkkkkkkkkkkkkkkkkkkkkkkk eu era viciada em methead freestyle
[01:57:44] [Server thread/INFO]: [Not Secure] <jovemshi> um qe uouvia
[01:57:45] [Server thread/INFO]: [Not Secure] <jovemshi> mt em 2022
[01:57:52] [Server thread/INFO]: [Not Secure] <jovemshi> era um brasileiro
[01:58:00] [Server thread/INFO]: [Not Secure] <jovemshi> n sei se vc gosta quer ouvir dps da ultima q mandei
[01:58:17] [Server thread/INFO]: [Not Secure] <kipoti> ss
[01:58:23] [Server thread/INFO]: [Not Secure] <kipoti> poha
[01:58:24] [Server thread/INFO]: [Not Secure] <kipoti> mano
[01:58:27] [Server thread/INFO]: [Not Secure] <jovemshi> oi
[01:58:30] [Server thread/INFO]: [Not Secure] <kipoti> mamw n deixa eu mexer
[01:58:34] [Server thread/INFO]: [Not Secure] <kipoti> no notebook
[01:58:45] [Server thread/INFO]: [Not Secure] <jovemshi> faz uma diss p ela
[01:58:53] [Server thread/INFO]: [Not Secure] <kipoti> tenho vontade kkkkkkkkkkkkkkkkkkkkk]w
[01:58:59] [Server thread/INFO]: [Not Secure] <kipoti> ainda to ouvindo sematary
[01:59:02] [Server thread/INFO]: [Not Secure] <kipoti> e mt bom
[01:59:04] [Server thread/INFO]: [Not Secure] <jovemshi> mt bom
[01:59:09] [Server thread/INFO]: [Not Secure] <jovemshi> qnd descobri
[01:59:11] [Server thread/INFO]: [Not Secure] <jovemshi> achei ele estranho
[01:59:14] [Server thread/INFO]: [Not Secure] <jovemshi> ainda mais os clips
[01:59:17] [Server thread/INFO]: [Not Secure] <jovemshi> mas dps jaera
[01:59:26] [Server thread/INFO]: [Not Secure] <kipoti> estranho q e bom
[01:59:37] [Server thread/INFO]: [Not Secure] <jovemshi> simm
[02:00:02] [Server thread/INFO]: [Not Secure] <kipoti> tipo 1800 pain
[02:00:06] [Server thread/INFO]: [Not Secure] <kipoti> ja ouviu?
[02:00:15] [Server thread/INFO]: [Not Secure] <jovemshi> naoo
[02:00:32] [Server thread/INFO]: [Not Secure] <kipoti> e musica heavy
[02:00:39] [Server thread/INFO]: [Not Secure] <jovemshi> heavy metal?
[02:00:47] [Server thread/INFO]: [Not Secure] <kipoti> tipo isso soq eletronico
[02:00:54] [Server thread/INFO]: [Not Secure] <jovemshi> dx eu ve
[02:01:09] [Server thread/INFO]: [Not Secure] <jovemshi> do scrim?
[02:01:23] [Server thread/INFO]: [Not Secure] <kipoti> 1800 pain é a banda
[02:01:42] [Server thread/INFO]: [Not Secure] <jovemshi> botei aq
[02:02:01] [Server thread/INFO]: [Not Secure] <jovemshi> cade tu
[02:02:03] [Server thread/INFO]: [Not Secure] <kipoti> KRL LIL DARKIE TEM MUSICA COM O KxLLX
[02:02:12] [Server thread/INFO]: [Not Secure] <jovemshi> po
[02:02:12] [Server thread/INFO]: [Not Secure] <kipoti> KXLLXWXTCH
[02:02:16] [Server thread/INFO]: [Not Secure] <jovemshi> tu sabe quem é nascar aloe?
[02:02:21] [Server thread/INFO]: [Not Secure] <kipoti> eu nunca imaginaria isso
[02:02:43] [Server thread/INFO]: [Not Secure] <jovemshi> ele é tipo essa banda q tu me mandoui
[02:02:43] [Server thread/INFO]: [Not Secure] <kipoti> nn
[02:03:15] [Server thread/INFO]: [Not Secure] <jovemshi> calma
[02:03:25] [Server thread/INFO]: [Not Secure] <jovemshi> mandei
[02:03:31] [Server thread/INFO]: [Not Secure] <jovemshi> eu ouvia ele cormindo na escola KKKKKKKKKKKKKKKKKKKK
[02:03:39] [Server thread/INFO]: [Not Secure] <jovemshi> essa epoca eu n batia mt bem da cabeça nao
[02:03:52] [Server thread/INFO]: [Not Secure] <kipoti> epocas de school shooting...
[02:04:05] [Server thread/INFO]: [Not Secure] <jovemshi> a maioria das musicas dele era estourada do tipo o som é estourado
[02:04:06] [Server thread/INFO]: [Not Secure] <jovemshi> po
[02:04:10] [Server thread/INFO]: [Not Secure] <jovemshi> nessa epoca diziam q eu tinha cara
[02:04:13] [Server thread/INFO]: [Not Secure] <jovemshi> eu so era timido
[02:04:26] [Server thread/INFO]: [Not Secure] <kipoti> \KKKKKKKKKKKKKKKKKKKKKK
[02:04:29] [Server thread/INFO]: [Not Secure] <jovemshi> ai eu virei amigo do outro menino q tbm diziam q ele ia fazer um atentado
[02:04:36] [Server thread/INFO]: [Not Secure] <jovemshi> ele ficou com a garota q eu gostava
[02:04:38] [Server thread/INFO]: [Not Secure] <kipoti> ai e bom q vcs fazia junto
[02:04:39] [Server thread/INFO]: [Not Secure] <jovemshi> KKKKKKKKKKKKKKKKKKKKKKKKKKKKKKKKKKKKKKK
[02:04:42] [Server thread/INFO]: [Not Secure] <kipoti> ,
[02:04:50] [Server thread/INFO]: [Not Secure] <kipoti> ele atentou so contra a sua pssoa
[02:04:58] [Server thread/INFO]: [Not Secure] <jovemshi> maldito
[02:05:02] [Server thread/INFO]: [Not Secure] <jovemshi> eu meio q
[02:05:10] [Server thread/INFO]: [Not Secure] <jovemshi> webnamorei e namorei a mesma garota da escola
[02:05:18] [Server thread/INFO]: [Not Secure] <jovemshi> ai ele se aproveitou da minha pessoa
[02:05:37] [Server thread/INFO]: [Not Secure] <kipoti> maldad3e em
[02:05:43] [Server thread/INFO]: [Not Secure] <kipoti> webnamorar ja e sofrimento dms
[02:05:53] [Server thread/INFO]: [Not Secure] <jovemshi> demais
[02:06:05] [Server thread/INFO]: [Not Secure] <jovemshi> mas quando voltou as aulas normais ai eu namorei de vdd com ela
[02:06:09] [Server thread/INFO]: [Not Secure] <jovemshi> mas foi a pior experiencia
[02:06:11] [Server thread/INFO]: [Not Secure] <kipoti> ahhhhhhhhhhhhhhhhhhhhhhhhhhhhhhhhh
[02:06:14] [Server thread/INFO]: [Not Secure] <kipoti> entendi
[02:06:20] [Server thread/INFO]: [Not Secure] <jovemshi> tu ja ouviu
[02:06:22] [Server thread/INFO]: [Not Secure] <jovemshi> zillakami?
[02:06:23] [Server thread/INFO]: [Not Secure] <kipoti> KKKKKKKKKK pandemia foi foda
[02:06:25] [Server thread/INFO]: [Not Secure] <kipoti> ss
[02:06:35] [Server thread/INFO]: [Not Secure] <jovemshi> gosta dele?
[02:06:38] [Server thread/INFO]: [Not Secure] <kipoti> tu viu a campainha da minha casa?
[02:06:40] [Server thread/INFO]: [Not Secure] <kipoti> vem[
[02:06:50] [Server thread/INFO]: [Not Secure] <jovemshi> do velozes e furiosos
[02:07:12] [Server thread/INFO]: [Not Secure] <kipoti> ss gosto dele
[02:07:25] [Server thread/INFO]: [Not Secure] <jovemshi> vc
[02:07:27] [Server thread/INFO]: [Not Secure] <jovemshi> ja ouviu yabujin?
[02:07:33] [Server thread/INFO]: [Not Secure] <kipoti> acho q nn
[02:07:37] [Server thread/INFO]: [Not Secure] <jovemshi> omaiga
[02:07:40] [Server thread/INFO]: [Not Secure] <jovemshi> oula,,,
[02:07:54] [Server thread/INFO]: [Not Secure] <kipoti> comendo human flesh]
[02:08:01] [Server thread/INFO]: [Not Secure] <jovemshi> cara
[02:08:03] [Server thread/INFO]: [Not Secure] <jovemshi> ele é mt bom
[02:08:05] [Server thread/INFO]: [Not Secure] <jovemshi> ele é da lituania
[02:08:08] [Server thread/INFO]: [Not Secure] <jovemshi> mandei no discord
[02:08:15] [Server thread/INFO]: [Not Secure] <jovemshi> eu ja escutei metade das coisas dele
[02:08:21] [Server thread/INFO]: [Not Secure] <jovemshi> até 2022 eu ja tinha escutado tudo
[02:08:45] [Server thread/INFO]: [Not Secure] <kipoti> ta boa essa carne
[02:08:49] [Server thread/INFO]: [Not Secure] <jovemshi> crua
[02:08:54] [Server thread/INFO]: [Not Secure] <kipoti> kkkkkjkkkkkkkkkkkkkkkkkkkkkkkkkkkkkkkkkkkkkkk
[02:09:08] [Server thread/INFO]: [Not Secure] <kipoti> tu so gosta de carne humana frita?
[02:09:14] [Server thread/INFO]: [Not Secure] <jovemshi> sss
[02:09:17] [Server thread/INFO]: [Not Secure] <jovemshi> filezinho
[02:09:34] [Server thread/INFO]: [Not Secure] <kipoti> esse yabujin e hpop ne
[02:09:39] [Server thread/INFO]: [Not Secure] <kipoti> eu gostp
[02:09:42] [Server thread/INFO]: [Not Secure] <jovemshi> ss
[02:09:44] [Server thread/INFO]: [Not Secure] <jovemshi> tipo isso
[02:09:49] [Server thread/INFO]: [Not Secure] <jovemshi> é bem dificil explicar esse cara
[02:10:04] [Server thread/INFO]: [Not Secure] <kipoti> vou te manda um
[02:10:16] [Server thread/INFO]: [Not Secure] <kipoti> mano vou ter q sair aq vamo pro discord
[02:10:20] [Server thread/INFO]: [Not Secure] <jovemshi> mande
[02:10:22] [Server thread/INFO]: [Not Secure] <jovemshi> vamo
[02:10:28] [Server thread/INFO]: kipoti lost connection: Disconnected
[02:10:28] [Server thread/INFO]: kipoti left the game
[02:10:31] [Server thread/INFO]: jovemshi lost connection: Disconnected
[02:10:31] [Server thread/INFO]: jovemshi left the game
[02:27:28] [Netty Epoll Server IO #1/ERROR]: Error sending packet clientbound/minecraft:disconnect
io.netty.handler.codec.EncoderException: Sending unknown packet 'clientbound/minecraft:disconnect'
	at yw.a(SourceFile:47) ~[server-1.21.jar:?]
	at yw.encode(SourceFile:14) ~[server-1.21.jar:?]
	at we.a(SourceFile:26) ~[server-1.21.jar:?]
	at we.encode(SourceFile:12) ~[server-1.21.jar:?]
	at io.netty.handler.codec.MessageToByteEncoder.write(MessageToByteEncoder.java:107) ~[netty-codec-4.1.97.Final.jar:4.1.97.Final]
	at io.netty.channel.AbstractChannelHandlerContext.invokeWrite0(AbstractChannelHandlerContext.java:881) ~[netty-transport-4.1.97.Final.jar:4.1.97.Final]
	at io.netty.channel.AbstractChannelHandlerContext.invokeWrite(AbstractChannelHandlerContext.java:863) ~[netty-transport-4.1.97.Final.jar:4.1.97.Final]
	at io.netty.channel.AbstractChannelHandlerContext.write(AbstractChannelHandlerContext.java:968) ~[netty-transport-4.1.97.Final.jar:4.1.97.Final]
	at io.netty.channel.AbstractChannelHandlerContext.write(AbstractChannelHandlerContext.java:856) ~[netty-transport-4.1.97.Final.jar:4.1.97.Final]
	at io.netty.channel.ChannelOutboundHandlerAdapter.write(ChannelOutboundHandlerAdapter.java:113) ~[netty-transport-4.1.97.Final.jar:4.1.97.Final]
	at vt$2.write(SourceFile:530) ~[server-1.21.jar:?]
	at io.netty.channel.AbstractChannelHandlerContext.invokeWrite0(AbstractChannelHandlerContext.java:881) ~[netty-transport-4.1.97.Final.jar:4.1.97.Final]
	at io.netty.channel.AbstractChannelHandlerContext.invokeWriteAndFlush(AbstractChannelHandlerContext.java:940) ~[netty-transport-4.1.97.Final.jar:4.1.97.Final]
	at io.netty.channel.AbstractChannelHandlerContext.write(AbstractChannelHandlerContext.java:966) ~[netty-transport-4.1.97.Final.jar:4.1.97.Final]
	at io.netty.channel.AbstractChannelHandlerContext.writeAndFlush(AbstractChannelHandlerContext.java:934) ~[netty-transport-4.1.97.Final.jar:4.1.97.Final]
	at io.netty.channel.AbstractChannelHandlerContext.writeAndFlush(AbstractChannelHandlerContext.java:984) ~[netty-transport-4.1.97.Final.jar:4.1.97.Final]
	at io.netty.channel.DefaultChannelPipeline.writeAndFlush(DefaultChannelPipeline.java:1025) ~[netty-transport-4.1.97.Final.jar:4.1.97.Final]
	at io.netty.channel.AbstractChannel.writeAndFlush(AbstractChannel.java:306) ~[netty-transport-4.1.97.Final.jar:4.1.97.Final]
	at vt.c(SourceFile:350) ~[server-1.21.jar:?]
	at vt.b(SourceFile:343) ~[server-1.21.jar:?]
	at vt.a(SourceFile:325) ~[server-1.21.jar:?]
	at vt.a(SourceFile:319) ~[server-1.21.jar:?]
	at vt.exceptionCaught(SourceFile:170) ~[server-1.21.jar:?]
	at io.netty.channel.AbstractChannelHandlerContext.invokeExceptionCaught(AbstractChannelHandlerContext.java:346) ~[netty-transport-4.1.97.Final.jar:4.1.97.Final]
	at io.netty.channel.AbstractChannelHandlerContext.invokeExceptionCaught(AbstractChannelHandlerContext.java:325) ~[netty-transport-4.1.97.Final.jar:4.1.97.Final]
	at io.netty.channel.AbstractChannelHandlerContext.fireExceptionCaught(AbstractChannelHandlerContext.java:317) ~[netty-transport-4.1.97.Final.jar:4.1.97.Final]
	at io.netty.channel.DefaultChannelPipeline$HeadContext.exceptionCaught(DefaultChannelPipeline.java:1377) ~[netty-transport-4.1.97.Final.jar:4.1.97.Final]
	at io.netty.channel.AbstractChannelHandlerContext.invokeExceptionCaught(AbstractChannelHandlerContext.java:346) ~[netty-transport-4.1.97.Final.jar:4.1.97.Final]
	at io.netty.channel.AbstractChannelHandlerContext.invokeExceptionCaught(AbstractChannelHandlerContext.java:325) ~[netty-transport-4.1.97.Final.jar:4.1.97.Final]
	at io.netty.channel.DefaultChannelPipeline.fireExceptionCaught(DefaultChannelPipeline.java:907) ~[netty-transport-4.1.97.Final.jar:4.1.97.Final]
	at io.netty.channel.epoll.AbstractEpollStreamChannel$EpollStreamUnsafe.handleReadException(AbstractEpollStreamChannel.java:728) ~[netty-transport-classes-epoll-4.1.97.Final.jar:4.1.97.Final]
	at io.netty.channel.epoll.AbstractEpollStreamChannel$EpollStreamUnsafe.epollInReady(AbstractEpollStreamChannel.java:826) ~[netty-transport-classes-epoll-4.1.97.Final.jar:4.1.97.Final]
	at io.netty.channel.epoll.EpollEventLoop.processReady(EpollEventLoop.java:509) ~[netty-transport-classes-epoll-4.1.97.Final.jar:4.1.97.Final]
	at io.netty.channel.epoll.EpollEventLoop.run(EpollEventLoop.java:407) ~[netty-transport-classes-epoll-4.1.97.Final.jar:4.1.97.Final]
	at io.netty.util.concurrent.SingleThreadEventExecutor$4.run(SingleThreadEventExecutor.java:997) ~[netty-common-4.1.97.Final.jar:4.1.97.Final]
	at io.netty.util.internal.ThreadExecutorMap$2.run(ThreadExecutorMap.java:74) ~[netty-common-4.1.97.Final.jar:4.1.97.Final]
	at java.base/java.lang.Thread.run(Thread.java:1583) [?:?]
[02:33:36] [Netty Epoll Server IO #1/ERROR]: Error sending packet clientbound/minecraft:disconnect
io.netty.handler.codec.EncoderException: Sending unknown packet 'clientbound/minecraft:disconnect'
	at yw.a(SourceFile:47) ~[server-1.21.jar:?]
	at yw.encode(SourceFile:14) ~[server-1.21.jar:?]
	at we.a(SourceFile:26) ~[server-1.21.jar:?]
	at we.encode(SourceFile:12) ~[server-1.21.jar:?]
	at io.netty.handler.codec.MessageToByteEncoder.write(MessageToByteEncoder.java:107) ~[netty-codec-4.1.97.Final.jar:4.1.97.Final]
	at io.netty.channel.AbstractChannelHandlerContext.invokeWrite0(AbstractChannelHandlerContext.java:881) ~[netty-transport-4.1.97.Final.jar:4.1.97.Final]
	at io.netty.channel.AbstractChannelHandlerContext.invokeWrite(AbstractChannelHandlerContext.java:863) ~[netty-transport-4.1.97.Final.jar:4.1.97.Final]
	at io.netty.channel.AbstractChannelHandlerContext.write(AbstractChannelHandlerContext.java:968) ~[netty-transport-4.1.97.Final.jar:4.1.97.Final]
	at io.netty.channel.AbstractChannelHandlerContext.write(AbstractChannelHandlerContext.java:856) ~[netty-transport-4.1.97.Final.jar:4.1.97.Final]
	at io.netty.channel.ChannelOutboundHandlerAdapter.write(ChannelOutboundHandlerAdapter.java:113) ~[netty-transport-4.1.97.Final.jar:4.1.97.Final]
	at vt$2.write(SourceFile:530) ~[server-1.21.jar:?]
	at io.netty.channel.AbstractChannelHandlerContext.invokeWrite0(AbstractChannelHandlerContext.java:881) ~[netty-transport-4.1.97.Final.jar:4.1.97.Final]
	at io.netty.channel.AbstractChannelHandlerContext.invokeWriteAndFlush(AbstractChannelHandlerContext.java:940) ~[netty-transport-4.1.97.Final.jar:4.1.97.Final]
	at io.netty.channel.AbstractChannelHandlerContext.write(AbstractChannelHandlerContext.java:966) ~[netty-transport-4.1.97.Final.jar:4.1.97.Final]
	at io.netty.channel.AbstractChannelHandlerContext.writeAndFlush(AbstractChannelHandlerContext.java:934) ~[netty-transport-4.1.97.Final.jar:4.1.97.Final]
	at io.netty.channel.AbstractChannelHandlerContext.writeAndFlush(AbstractChannelHandlerContext.java:984) ~[netty-transport-4.1.97.Final.jar:4.1.97.Final]
	at io.netty.channel.DefaultChannelPipeline.writeAndFlush(DefaultChannelPipeline.java:1025) ~[netty-transport-4.1.97.Final.jar:4.1.97.Final]
	at io.netty.channel.AbstractChannel.writeAndFlush(AbstractChannel.java:306) ~[netty-transport-4.1.97.Final.jar:4.1.97.Final]
	at vt.c(SourceFile:350) ~[server-1.21.jar:?]
	at vt.b(SourceFile:343) ~[server-1.21.jar:?]
	at vt.a(SourceFile:325) ~[server-1.21.jar:?]
	at vt.a(SourceFile:319) ~[server-1.21.jar:?]
	at vt.exceptionCaught(SourceFile:170) ~[server-1.21.jar:?]
	at io.netty.channel.AbstractChannelHandlerContext.invokeExceptionCaught(AbstractChannelHandlerContext.java:346) ~[netty-transport-4.1.97.Final.jar:4.1.97.Final]
	at io.netty.channel.AbstractChannelHandlerContext.invokeExceptionCaught(AbstractChannelHandlerContext.java:325) ~[netty-transport-4.1.97.Final.jar:4.1.97.Final]
	at io.netty.channel.AbstractChannelHandlerContext.fireExceptionCaught(AbstractChannelHandlerContext.java:317) ~[netty-transport-4.1.97.Final.jar:4.1.97.Final]
	at io.netty.channel.DefaultChannelPipeline$HeadContext.exceptionCaught(DefaultChannelPipeline.java:1377) ~[netty-transport-4.1.97.Final.jar:4.1.97.Final]
	at io.netty.channel.AbstractChannelHandlerContext.invokeExceptionCaught(AbstractChannelHandlerContext.java:346) ~[netty-transport-4.1.97.Final.jar:4.1.97.Final]
	at io.netty.channel.AbstractChannelHandlerContext.invokeExceptionCaught(AbstractChannelHandlerContext.java:325) ~[netty-transport-4.1.97.Final.jar:4.1.97.Final]
	at io.netty.channel.DefaultChannelPipeline.fireExceptionCaught(DefaultChannelPipeline.java:907) ~[netty-transport-4.1.97.Final.jar:4.1.97.Final]
	at io.netty.channel.epoll.AbstractEpollStreamChannel$EpollStreamUnsafe.handleReadException(AbstractEpollStreamChannel.java:728) ~[netty-transport-classes-epoll-4.1.97.Final.jar:4.1.97.Final]
	at io.netty.channel.epoll.AbstractEpollStreamChannel$EpollStreamUnsafe.epollInReady(AbstractEpollStreamChannel.java:826) ~[netty-transport-classes-epoll-4.1.97.Final.jar:4.1.97.Final]
	at io.netty.channel.epoll.EpollEventLoop.processReady(EpollEventLoop.java:509) ~[netty-transport-classes-epoll-4.1.97.Final.jar:4.1.97.Final]
	at io.netty.channel.epoll.EpollEventLoop.run(EpollEventLoop.java:407) ~[netty-transport-classes-epoll-4.1.97.Final.jar:4.1.97.Final]
	at io.netty.util.concurrent.SingleThreadEventExecutor$4.run(SingleThreadEventExecutor.java:997) ~[netty-common-4.1.97.Final.jar:4.1.97.Final]
	at io.netty.util.internal.ThreadExecutorMap$2.run(ThreadExecutorMap.java:74) ~[netty-common-4.1.97.Final.jar:4.1.97.Final]
	at java.base/java.lang.Thread.run(Thread.java:1583) [?:?]
